     0.000000 execve("./bin/test_exe", ["./bin/test_exe"], [/* 29 vars */]) = 0
     0.000234 brk(0)                    = 0x1d25000
     0.000064 mmap(NULL, 4096, PROT_READ|PROT_WRITE, MAP_PRIVATE|MAP_ANONYMOUS, -1, 0) = 0x7f549a59a000
     0.000051 access("/etc/ld.so.preload", R_OK) = 0
     0.000041 open("/etc/ld.so.preload", O_RDONLY|O_CLOEXEC) = 3
     0.000044 fstat(3, {st_mode=S_IFREG|0644, st_size=18, ...}) = 0
     0.000041 mmap(NULL, 18, PROT_READ|PROT_WRITE, MAP_PRIVATE, 3, 0) = 0x7f549a599000
     0.000038 close(3)                  = 0
     0.000044 readlink("/proc/self/exe", "/root/cmake_practice/tencentdays"..., 4096) = 45
     0.000053 open("/lib64/libonion.so", O_RDONLY|O_CLOEXEC) = 3
     0.000041 read(3, "\177ELF\2\1\1\0\0\0\0\0\0\0\0\0\3\0>\0\1\0\0\0`\20\0\0\0\0\0\0"..., 832) = 832
     0.000039 fstat(3, {st_mode=S_IFREG|0755, st_size=42880, ...}) = 0
     0.000041 mmap(NULL, 1072448, PROT_READ|PROT_EXEC, MAP_PRIVATE|MAP_DENYWRITE, 3, 0) = 0x7f549a493000
     0.000039 mprotect(0x7f549a496000, 1048576, PROT_NONE) = 0
     0.000040 mmap(0x7f549a596000, 4096, PROT_READ|PROT_WRITE, MAP_PRIVATE|MAP_FIXED|MAP_DENYWRITE, 3, 0x3000) = 0x7f549a596000
     0.000043 mmap(0x7f549a597000, 7488, PROT_READ|PROT_WRITE, MAP_PRIVATE|MAP_FIXED|MAP_ANONYMOUS, -1, 0) = 0x7f549a597000
     0.000039 close(3)                  = 0
     0.000037 munmap(0x7f549a599000, 18) = 0
     0.000043 open("/root/cmake_practice/tencentdays/lib/tls/x86_64/libsubLib.so", O_RDONLY|O_CLOEXEC) = -1 ENOENT (No such file or directory)
     0.027544 stat("/root/cmake_practice/tencentdays/lib/tls/x86_64", 0x7ffdf16e6630) = -1 ENOENT (No such file or directory)
     0.000042 open("/root/cmake_practice/tencentdays/lib/tls/libsubLib.so", O_RDONLY|O_CLOEXEC) = -1 ENOENT (No such file or directory)
     0.000050 stat("/root/cmake_practice/tencentdays/lib/tls", 0x7ffdf16e6630) = -1 ENOENT (No such file or directory)
     0.000039 open("/root/cmake_practice/tencentdays/lib/x86_64/libsubLib.so", O_RDONLY|O_CLOEXEC) = -1 ENOENT (No such file or directory)
     0.000039 stat("/root/cmake_practice/tencentdays/lib/x86_64", 0x7ffdf16e6630) = -1 ENOENT (No such file or directory)
     0.000038 open("/root/cmake_practice/tencentdays/lib/libsubLib.so", O_RDONLY|O_CLOEXEC) = 3
     0.000040 read(3, "\177ELF\2\1\1\0\0\0\0\0\0\0\0\0\3\0>\0\1\0\0\0\2607\0\0\0\0\0\0"..., 832) = 832
     0.000040 fstat(3, {st_mode=S_IFREG|0755, st_size=46496, ...}) = 0
     0.000039 mmap(NULL, 4096, PROT_READ|PROT_WRITE, MAP_PRIVATE|MAP_ANONYMOUS, -1, 0) = 0x7f549a599000
     0.000041 mmap(NULL, 2130440, PROT_READ|PROT_EXEC, MAP_PRIVATE|MAP_DENYWRITE, 3, 0) = 0x7f549a171000
     0.000038 mprotect(0x7f549a178000, 2097152, PROT_NONE) = 0
     0.000040 mmap(0x7f549a378000, 8192, PROT_READ|PROT_WRITE, MAP_PRIVATE|MAP_FIXED|MAP_DENYWRITE, 3, 0x7000) = 0x7f549a378000
     0.000045 close(3)                  = 0
     0.000041 open("/root/cmake_practice/tencentdays/lib/libpdb_try.so", O_RDONLY|O_CLOEXEC) = 3
     0.000039 read(3, "\177ELF\2\1\1\0\0\0\0\0\0\0\0\0\3\0>\0\1\0\0\0\240\n\0\0\0\0\0\0"..., 832) = 832
     0.000039 fstat(3, {st_mode=S_IFREG|0755, st_size=13136, ...}) = 0
     0.000039 mmap(NULL, 2105472, PROT_READ|PROT_EXEC, MAP_PRIVATE|MAP_DENYWRITE, 3, 0) = 0x7f5499f6e000
     0.000038 mprotect(0x7f5499f6f000, 2097152, PROT_NONE) = 0
     0.000039 mmap(0x7f549a16f000, 8192, PROT_READ|PROT_WRITE, MAP_PRIVATE|MAP_FIXED|MAP_DENYWRITE, 3, 0x1000) = 0x7f549a16f000
     0.000044 close(3)                  = 0
     0.000039 open("/root/cmake_practice/tencentdays/lib/libstrace_try.so", O_RDONLY|O_CLOEXEC) = 3
     0.000039 read(3, "\177ELF\2\1\1\0\0\0\0\0\0\0\0\0\3\0>\0\1\0\0\0\220\t\0\0\0\0\0\0"..., 832) = 832
     0.000038 fstat(3, {st_mode=S_IFREG|0755, st_size=8840, ...}) = 0
     0.000039 mmap(NULL, 2101368, PROT_READ|PROT_EXEC, MAP_PRIVATE|MAP_DENYWRITE, 3, 0) = 0x7f5499d6c000
     0.000038 mprotect(0x7f5499d6d000, 2093056, PROT_NONE) = 0
     0.000038 mmap(0x7f5499f6c000, 8192, PROT_READ|PROT_WRITE, MAP_PRIVATE|MAP_FIXED|MAP_DENYWRITE, 3, 0) = 0x7f5499f6c000
     0.000045 close(3)                  = 0
     0.000048 open("/root/cmake_practice/tencentdays/lib/libpthread.so.0", O_RDONLY|O_CLOEXEC) = -1 ENOENT (No such file or directory)
     0.000042 open("/etc/ld.so.cache", O_RDONLY|O_CLOEXEC) = 3
     0.000039 fstat(3, {st_mode=S_IFREG|0644, st_size=84376, ...}) = 0
     0.000037 mmap(NULL, 84376, PROT_READ, MAP_PRIVATE, 3, 0) = 0x7f549a47e000
     0.000038 close(3)                  = 0
     0.000044 open("/lib64/libpthread.so.0", O_RDONLY|O_CLOEXEC) = 3
     0.000041 read(3, "\177ELF\2\1\1\0\0\0\0\0\0\0\0\0\3\0>\0\1\0\0\0\220m\0\0\0\0\0\0"..., 832) = 832
     0.000038 fstat(3, {st_mode=S_IFREG|0755, st_size=143664, ...}) = 0
     0.000038 mmap(NULL, 4096, PROT_READ|PROT_WRITE, MAP_PRIVATE|MAP_ANONYMOUS, -1, 0) = 0x7f549a47d000
     0.000041 mmap(NULL, 2208904, PROT_READ|PROT_EXEC, MAP_PRIVATE|MAP_DENYWRITE, 3, 0) = 0x7f5499b50000
     0.000039 mprotect(0x7f5499b67000, 2093056, PROT_NONE) = 0
     0.000039 mmap(0x7f5499d66000, 8192, PROT_READ|PROT_WRITE, MAP_PRIVATE|MAP_FIXED|MAP_DENYWRITE, 3, 0x16000) = 0x7f5499d66000
     0.000043 mmap(0x7f5499d68000, 13448, PROT_READ|PROT_WRITE, MAP_PRIVATE|MAP_FIXED|MAP_ANONYMOUS, -1, 0) = 0x7f5499d68000
     0.000042 close(3)                  = 0
     0.000040 open("/root/cmake_practice/tencentdays/lib/libstdc++.so.6", O_RDONLY|O_CLOEXEC) = -1 ENOENT (No such file or directory)
     0.000040 open("/lib64/libstdc++.so.6", O_RDONLY|O_CLOEXEC) = 3
     0.000040 read(3, "\177ELF\2\1\1\3\0\0\0\0\0\0\0\0\3\0>\0\1\0\0\0\340\264\5\0\0\0\0\0"..., 832) = 832
     0.000039 fstat(3, {st_mode=S_IFREG|0755, st_size=995840, ...}) = 0
     0.000038 mmap(NULL, 3175456, PROT_READ|PROT_EXEC, MAP_PRIVATE|MAP_DENYWRITE, 3, 0) = 0x7f5499848000
     0.000039 mprotect(0x7f5499931000, 2097152, PROT_NONE) = 0
     0.000039 mmap(0x7f5499b31000, 40960, PROT_READ|PROT_WRITE, MAP_PRIVATE|MAP_FIXED|MAP_DENYWRITE, 3, 0xe9000) = 0x7f5499b31000
     0.000043 mmap(0x7f5499b3b000, 82976, PROT_READ|PROT_WRITE, MAP_PRIVATE|MAP_FIXED|MAP_ANONYMOUS, -1, 0) = 0x7f5499b3b000
     0.000042 close(3)                  = 0
     0.000039 open("/root/cmake_practice/tencentdays/lib/libm.so.6", O_RDONLY|O_CLOEXEC) = -1 ENOENT (No such file or directory)
     0.000043 open("/lib64/libm.so.6", O_RDONLY|O_CLOEXEC) = 3
     0.000048 read(3, "\177ELF\2\1\1\3\0\0\0\0\0\0\0\0\3\0>\0\1\0\0\0pS\0\0\0\0\0\0"..., 832) = 832
     0.000044 fstat(3, {st_mode=S_IFREG|0755, st_size=1139200, ...}) = 0
     0.000041 mmap(NULL, 3150136, PROT_READ|PROT_EXEC, MAP_PRIVATE|MAP_DENYWRITE, 3, 0) = 0x7f5499546000
     0.000039 mprotect(0x7f5499647000, 2093056, PROT_NONE) = 0
     0.000039 mmap(0x7f5499846000, 8192, PROT_READ|PROT_WRITE, MAP_PRIVATE|MAP_FIXED|MAP_DENYWRITE, 3, 0x100000) = 0x7f5499846000
     0.000045 close(3)                  = 0
     0.000040 open("/root/cmake_practice/tencentdays/lib/libgcc_s.so.1", O_RDONLY|O_CLOEXEC) = -1 ENOENT (No such file or directory)
     0.000044 open("/lib64/libgcc_s.so.1", O_RDONLY|O_CLOEXEC) = 3
     0.000040 read(3, "\177ELF\2\1\1\0\0\0\0\0\0\0\0\0\3\0>\0\1\0\0\0\320*\0\0\0\0\0\0"..., 832) = 832
     0.000038 fstat(3, {st_mode=S_IFREG|0755, st_size=88720, ...}) = 0
     0.000038 mmap(NULL, 4096, PROT_READ|PROT_WRITE, MAP_PRIVATE|MAP_ANONYMOUS, -1, 0) = 0x7f549a47c000
     0.000040 mmap(NULL, 2184192, PROT_READ|PROT_EXEC, MAP_PRIVATE|MAP_DENYWRITE, 3, 0) = 0x7f5499330000
     0.000039 mprotect(0x7f5499345000, 2093056, PROT_NONE) = 0
     0.000039 mmap(0x7f5499544000, 8192, PROT_READ|PROT_WRITE, MAP_PRIVATE|MAP_FIXED|MAP_DENYWRITE, 3, 0x14000) = 0x7f5499544000
     0.000045 close(3)                  = 0
     0.000040 open("/root/cmake_practice/tencentdays/lib/libc.so.6", O_RDONLY|O_CLOEXEC) = -1 ENOENT (No such file or directory)
     0.000042 open("/lib64/libc.so.6", O_RDONLY|O_CLOEXEC) = 3
     0.000040 read(3, "\177ELF\2\1\1\3\0\0\0\0\0\0\0\0\3\0>\0\1\0\0\0\200&\2\0\0\0\0\0"..., 832) = 832
     0.000038 fstat(3, {st_mode=S_IFREG|0755, st_size=2172544, ...}) = 0
     0.000039 mmap(NULL, 3989984, PROT_READ|PROT_EXEC, MAP_PRIVATE|MAP_DENYWRITE, 3, 0) = 0x7f5498f61000
     0.000039 mprotect(0x7f5499126000, 2093056, PROT_NONE) = 0
     0.000045 mmap(0x7f5499325000, 24576, PROT_READ|PROT_WRITE, MAP_PRIVATE|MAP_FIXED|MAP_DENYWRITE, 3, 0x1c4000) = 0x7f5499325000
     0.000042 mmap(0x7f549932b000, 16864, PROT_READ|PROT_WRITE, MAP_PRIVATE|MAP_FIXED|MAP_ANONYMOUS, -1, 0) = 0x7f549932b000
     0.000043 close(3)                  = 0
     0.000046 open("/root/cmake_practice/tencentdays/lib/libdl.so.2", O_RDONLY|O_CLOEXEC) = -1 ENOENT (No such file or directory)
     0.000041 open("/lib64/libdl.so.2", O_RDONLY|O_CLOEXEC) = 3
     0.000040 read(3, "\177ELF\2\1\1\0\0\0\0\0\0\0\0\0\3\0>\0\1\0\0\0`\16\0\0\0\0\0\0"..., 832) = 832
     0.000038 fstat(3, {st_mode=S_IFREG|0755, st_size=19336, ...}) = 0
     0.000038 mmap(NULL, 2109744, PROT_READ|PROT_EXEC, MAP_PRIVATE|MAP_DENYWRITE, 3, 0) = 0x7f5498d5d000
     0.000039 mprotect(0x7f5498d5f000, 2097152, PROT_NONE) = 0
     0.000040 mmap(0x7f5498f5f000, 8192, PROT_READ|PROT_WRITE, MAP_PRIVATE|MAP_FIXED|MAP_DENYWRITE, 3, 0x2000) = 0x7f5498f5f000
     0.000044 close(3)                  = 0
     0.000045 mmap(NULL, 4096, PROT_READ|PROT_WRITE, MAP_PRIVATE|MAP_ANONYMOUS, -1, 0) = 0x7f549a47b000
     0.000056 mmap(NULL, 4096, PROT_READ|PROT_WRITE, MAP_PRIVATE|MAP_ANONYMOUS, -1, 0) = 0x7f549a47a000
     0.000041 mmap(NULL, 8192, PROT_READ|PROT_WRITE, MAP_PRIVATE|MAP_ANONYMOUS, -1, 0) = 0x7f549a478000
     0.000041 arch_prctl(ARCH_SET_FS, 0x7f549a478740) = 0
     0.000117 mprotect(0x7f5499325000, 16384, PROT_READ) = 0
     0.000045 mprotect(0x7f5498f5f000, 4096, PROT_READ) = 0
     0.000042 mprotect(0x7f5499544000, 4096, PROT_READ) = 0
     0.000054 mprotect(0x7f5499846000, 4096, PROT_READ) = 0
     0.000459 mmap(NULL, 4096, PROT_READ|PROT_WRITE, MAP_PRIVATE|MAP_ANONYMOUS, -1, 0) = 0x7f549a477000
     0.000059 mprotect(0x7f5499b31000, 32768, PROT_READ) = 0
     0.000048 mprotect(0x7f5499d66000, 4096, PROT_READ) = 0
     0.000041 mprotect(0x7f5499f6c000, 4096, PROT_READ) = 0
     0.000041 mprotect(0x7f549a16f000, 4096, PROT_READ) = 0
     0.000057 mprotect(0x7f549a378000, 4096, PROT_READ) = 0
     0.000041 mprotect(0x600000, 4096, PROT_READ) = 0
     0.000042 mprotect(0x7f549a59b000, 4096, PROT_READ) = 0
     0.000038 munmap(0x7f549a47e000, 84376) = 0
     0.000044 set_tid_address(0x7f549a478a10) = 15905
     0.000038 set_robust_list(0x7f549a478a20, 24) = 0
     0.000040 rt_sigaction(SIGRTMIN, {0x7f5499b56870, [], SA_RESTORER|SA_SIGINFO, 0x7f5499b5f640}, NULL, 8) = 0
     0.000043 rt_sigaction(SIGRT_1, {0x7f5499b56900, [], SA_RESTORER|SA_RESTART|SA_SIGINFO, 0x7f5499b5f640}, NULL, 8) = 0
     0.000040 rt_sigprocmask(SIG_UNBLOCK, [RTMIN RT_1], NULL, 8) = 0
     0.000046 getrlimit(RLIMIT_STACK, {rlim_cur=8192*1024, rlim_max=RLIM64_INFINITY}) = 0
     0.000102 futex(0x7f5499b4d96c, FUTEX_WAKE_PRIVATE, 2147483647) = 0
     0.000079 futex(0x7f5499b4d978, FUTEX_WAKE_PRIVATE, 2147483647) = 0
     0.000106 brk(0)                    = 0x1d25000
     0.000037 brk(0x1d46000)            = 0x1d46000
     0.000037 brk(0)                    = 0x1d46000
     0.000042 rt_sigprocmask(SIG_BLOCK, [CHLD], [], 8) = 0
     0.000041 rt_sigaction(SIGCHLD, NULL, {SIG_DFL, [], 0}, 8) = 0
     0.000038 rt_sigprocmask(SIG_SETMASK, [], NULL, 8) = 0
     0.000037 nanosleep({1, 0}, 0x7ffdf16e7cc0) = 0
     1.000189 rt_sigprocmask(SIG_BLOCK, [CHLD], [], 8) = 0
     0.000055 rt_sigaction(SIGCHLD, NULL, {SIG_DFL, [], 0}, 8) = 0
     0.000048 rt_sigprocmask(SIG_SETMASK, [], NULL, 8) = 0
     0.000046 nanosleep({1, 0}, 0x7ffdf16e7cc0) = 0
     1.000166 rt_sigprocmask(SIG_BLOCK, [CHLD], [], 8) = 0
     0.000055 rt_sigaction(SIGCHLD, NULL, {SIG_DFL, [], 0}, 8) = 0
     0.000047 rt_sigprocmask(SIG_SETMASK, [], NULL, 8) = 0
     0.000056 nanosleep({1, 0}, 0x7ffdf16e7cc0) = 0
     1.000158 rt_sigprocmask(SIG_BLOCK, [CHLD], [], 8) = 0
     0.000054 rt_sigaction(SIGCHLD, NULL, {SIG_DFL, [], 0}, 8) = 0
     0.000048 rt_sigprocmask(SIG_SETMASK, [], NULL, 8) = 0
     0.000045 nanosleep({1, 0}, 0x7ffdf16e7cc0) = 0
     1.000169 rt_sigprocmask(SIG_BLOCK, [CHLD], [], 8) = 0
     0.000057 rt_sigaction(SIGCHLD, NULL, {SIG_DFL, [], 0}, 8) = 0
     0.000050 rt_sigprocmask(SIG_SETMASK, [], NULL, 8) = 0
     0.000057 nanosleep({1, 0}, 0x7ffdf16e7cc0) = 0
     1.000201 rt_sigprocmask(SIG_BLOCK, [CHLD], [], 8) = 0
     0.000056 rt_sigaction(SIGCHLD, NULL, {SIG_DFL, [], 0}, 8) = 0
     0.000051 rt_sigprocmask(SIG_SETMASK, [], NULL, 8) = 0
     0.000058 nanosleep({1, 0}, 0x7ffdf16e7cc0) = 0
     1.000154 rt_sigprocmask(SIG_BLOCK, [CHLD], [], 8) = 0
     0.000053 rt_sigaction(SIGCHLD, NULL, {SIG_DFL, [], 0}, 8) = 0
     0.000047 rt_sigprocmask(SIG_SETMASK, [], NULL, 8) = 0
     0.000045 nanosleep({1, 0}, 0x7ffdf16e7cc0) = 0
     1.000190 rt_sigprocmask(SIG_BLOCK, [CHLD], [], 8) = 0
     0.000056 rt_sigaction(SIGCHLD, NULL, {SIG_DFL, [], 0}, 8) = 0
     0.000050 rt_sigprocmask(SIG_SETMASK, [], NULL, 8) = 0
     0.000047 nanosleep({1, 0}, 0x7ffdf16e7cc0) = 0
     1.000157 rt_sigprocmask(SIG_BLOCK, [CHLD], [], 8) = 0
     0.000058 rt_sigaction(SIGCHLD, NULL, {SIG_DFL, [], 0}, 8) = 0
     0.000052 rt_sigprocmask(SIG_SETMASK, [], NULL, 8) = 0
     0.000050 nanosleep({1, 0}, 0x7ffdf16e7cc0) = 0
     1.000175 rt_sigprocmask(SIG_BLOCK, [CHLD], [], 8) = 0
     0.000056 rt_sigaction(SIGCHLD, NULL, {SIG_DFL, [], 0}, 8) = 0
     0.000050 rt_sigprocmask(SIG_SETMASK, [], NULL, 8) = 0
     0.000048 nanosleep({1, 0}, 0x7ffdf16e7cc0) = 0
     1.000183 rt_sigprocmask(SIG_BLOCK, [CHLD], [], 8) = 0
     0.001612 rt_sigaction(SIGCHLD, NULL, {SIG_DFL, [], 0}, 8) = 0
     0.000054 rt_sigprocmask(SIG_SETMASK, [], NULL, 8) = 0
     0.000049 nanosleep({1, 0}, 0x7ffdf16e7cc0) = 0
     1.000179 rt_sigprocmask(SIG_BLOCK, [CHLD], [], 8) = 0
     0.000056 rt_sigaction(SIGCHLD, NULL, {SIG_DFL, [], 0}, 8) = 0
     0.000050 rt_sigprocmask(SIG_SETMASK, [], NULL, 8) = 0
     0.000048 nanosleep({1, 0}, 0x7ffdf16e7cc0) = 0
     1.000144 rt_sigprocmask(SIG_BLOCK, [CHLD], [], 8) = 0
     0.000053 rt_sigaction(SIGCHLD, NULL, {SIG_DFL, [], 0}, 8) = 0
     0.000048 rt_sigprocmask(SIG_SETMASK, [], NULL, 8) = 0
     0.000045 nanosleep({1, 0}, 0x7ffdf16e7cc0) = 0
     1.000146 rt_sigprocmask(SIG_BLOCK, [CHLD], [], 8) = 0
     0.000061 rt_sigaction(SIGCHLD, NULL, {SIG_DFL, [], 0}, 8) = 0
     0.000048 rt_sigprocmask(SIG_SETMASK, [], NULL, 8) = 0
     0.000045 nanosleep({1, 0}, 0x7ffdf16e7cc0) = 0
     1.000145 rt_sigprocmask(SIG_BLOCK, [CHLD], [], 8) = 0
     0.000055 rt_sigaction(SIGCHLD, NULL, {SIG_DFL, [], 0}, 8) = 0
     0.000051 rt_sigprocmask(SIG_SETMASK, [], NULL, 8) = 0
     0.000048 nanosleep({1, 0}, 0x7ffdf16e7cc0) = 0
     1.000155 rt_sigprocmask(SIG_BLOCK, [CHLD], [], 8) = 0
     0.001746 rt_sigaction(SIGCHLD, NULL, {SIG_DFL, [], 0}, 8) = 0
     0.000050 rt_sigprocmask(SIG_SETMASK, [], NULL, 8) = 0
     0.000048 nanosleep({1, 0}, 0x7ffdf16e7cc0) = 0
     1.000162 rt_sigprocmask(SIG_BLOCK, [CHLD], [], 8) = 0
     0.000056 rt_sigaction(SIGCHLD, NULL, {SIG_DFL, [], 0}, 8) = 0
     0.000050 rt_sigprocmask(SIG_SETMASK, [], NULL, 8) = 0
     0.000049 nanosleep({1, 0}, 0x7ffdf16e7cc0) = 0
     1.000156 rt_sigprocmask(SIG_BLOCK, [CHLD], [], 8) = 0
     0.000055 rt_sigaction(SIGCHLD, NULL, {SIG_DFL, [], 0}, 8) = 0
     0.000050 rt_sigprocmask(SIG_SETMASK, [], NULL, 8) = 0
     0.000057 nanosleep({1, 0}, {0, 501410788}) = ? ERESTART_RESTARTBLOCK (Interrupted by signal)
     0.498749 --- SIGINT {si_signo=SIGINT, si_code=SI_KERNEL, si_value={int=2895997, ptr=0x2c307d}} ---
     0.000277 +++ killed by SIGINT +++
